#
# There is insufficient memory for the Java Runtime Environment to continue.
# Native memory allocation (malloc) failed to allocate 32744 bytes. Error detail: Chunk::new
# Possible reasons:
#   The system is out of physical RAM or swap space
#   This process is running with CompressedOops enabled, and the Java Heap may be blocking the growth of the native heap
# Possible solutions:
#   Reduce memory load on the system
#   Increase physical memory or swap space
#   Check if swap backing store is full
#   Decrease Java heap size (-Xmx/-Xms)
#   Decrease number of Java threads
#   Decrease Java thread stack sizes (-Xss)
#   Set larger code cache with -XX:ReservedCodeCacheSize=
#   JVM is running with Unscaled Compressed Oops mode in which the Java heap is
#     placed in the first 4GB address space. The Java Heap base address is the
#     maximum limit for the native heap growth. Please use -XX:HeapBaseMinAddress
#     to set the Java Heap base and to place the Java Heap above 4GB virtual address.
# This output file may be truncated or incomplete.
#
#  Out of Memory Error (arena.cpp:150), pid=42696, tid=25228
#
# JRE version: Java(TM) SE Runtime Environment (22.0+36) (build 22+36-2370)
# Java VM: Java HotSpot(TM) 64-Bit Server VM (22+36-2370, mixed mode, tiered, compressed oops, compressed class ptrs, g1 gc, windows-amd64)
# No core dump will be written. Minidumps are not enabled by default on client versions of Windows
#

---------------  S U M M A R Y ------------

Command Line: -Dfile.encoding=UTF-8 -Dstdout.encoding=UTF-8 -Dstderr.encoding=UTF-8 -XX:+ShowCodeDetailsInExceptionMessages org.techhub.clientapp.OsmsMain

Host: 11th Gen Intel(R) Core(TM) i5-1135G7 @ 2.40GHz, 8 cores, 7G,  Windows 11 , 64 bit Build 22621 (10.0.22621.3958)
Time: Wed Dec 25 12:08:01 2024 India Standard Time elapsed time: 0.274439 seconds (0d 0h 0m 0s)

---------------  T H R E A D  ---------------

Current thread (0x000002d8863da990):  JavaThread "main"             [_thread_in_vm, id=25228, stack(0x000000ff87400000,0x000000ff87500000) (1024K)]

Stack: [0x000000ff87400000,0x000000ff87500000]
Native frames: (J=compiled Java code, j=interpreted, Vv=VM code, C=native code)
V  [jvm.dll+0x6e2349]  (no source info available)
V  [jvm.dll+0x874ed3]  (no source info available)
V  [jvm.dll+0x8772fe]  (no source info available)
V  [jvm.dll+0x8779d3]  (no source info available)
V  [jvm.dll+0x27fcb6]  (no source info available)
V  [jvm.dll+0xc3d0f]  (no source info available)
V  [jvm.dll+0xc3f6b]  (no source info available)
V  [jvm.dll+0x7df069]  (no source info available)
V  [jvm.dll+0x7e022e]  (no source info available)
V  [jvm.dll+0x7e1b43]  (no source info available)
V  [jvm.dll+0x211e7d]  (no source info available)
V  [jvm.dll+0x210ad9]  (no source info available)
V  [jvm.dll+0x215d10]  (no source info available)
V  [jvm.dll+0x20b4de]  (no source info available)
V  [jvm.dll+0x5c471f]  (no source info available)
V  [jvm.dll+0x21cc5a]  (no source info available)
V  [jvm.dll+0x7eb79c]  (no source info available)
V  [jvm.dll+0x7ec836]  (no source info available)
V  [jvm.dll+0x7ece44]  (no source info available)
V  [jvm.dll+0x7ecac8]  (no source info available)
V  [jvm.dll+0x26d70b]  (no source info available)
V  [jvm.dll+0x26d93a]  (no source info available)
V  [jvm.dll+0x5e7e17]  (no source info available)
V  [jvm.dll+0x5eae16]  (no source info available)
V  [jvm.dll+0x3dd7ed]  (no source info available)
V  [jvm.dll+0x3dcded]  (no source info available)
C  0x000002d897d9a15c  (no source info available)

The last pc belongs to invokestatic (printed below).
Java frames: (J=compiled Java code, j=interpreted, Vv=VM code)
j  sun.nio.fs.WindowsFileAttributes.toFileTime(J)Ljava/nio/file/attribute/FileTime;+22 java.base@22
j  sun.nio.fs.WindowsFileAttributes.lastModifiedTime()Ljava/nio/file/attribute/FileTime;+4 java.base@22
j  java.util.zip.ZipFile$Source$Key.hashCode()I+20 java.base@22
J 40 c1 java.util.HashMap.hash(Ljava/lang/Object;)I java.base@22 (20 bytes) @ 0x000002d89085c564 [0x000002d89085c440+0x0000000000000124]
j  java.util.HashMap.putIfAbsent(Ljava/lang/Object;Ljava/lang/Object;)Ljava/lang/Object;+2 java.base@22
j  java.util.zip.ZipFile$Source.get(Ljava/io/File;ZLjava/util/zip/ZipCoder;)Ljava/util/zip/ZipFile$Source;+128 java.base@22
j  java.util.zip.ZipFile$CleanableResource.<init>(Ljava/util/zip/ZipFile;Ljava/util/zip/ZipCoder;Ljava/io/File;I)V+56 java.base@22
j  java.util.zip.ZipFile.<init>(Ljava/io/File;ILjava/nio/charset/Charset;)V+123 java.base@22
j  java.util.zip.ZipFile.<init>(Ljava/io/File;I)V+6 java.base@22
j  java.util.jar.JarFile.<init>(Ljava/io/File;ZILjava/lang/Runtime$Version;)V+3 java.base@22
j  jdk.internal.loader.URLClassPath$JarLoader.getJarFile(Ljava/net/URL;)Ljava/util/jar/JarFile;+56 java.base@22
j  jdk.internal.loader.URLClassPath$JarLoader$1.run()Ljava/lang/Void;+55 java.base@22
j  jdk.internal.loader.URLClassPath$JarLoader$1.run()Ljava/lang/Object;+1 java.base@22
j  java.security.AccessController.executePrivileged(Ljava/security/PrivilegedExceptionAction;Ljava/security/AccessControlContext;Ljava/lang/Class;)Ljava/lang/Object;+29 java.base@22
j  java.security.AccessController.doPrivileged(Ljava/security/PrivilegedExceptionAction;Ljava/security/AccessControlContext;)Ljava/lang/Object;+13 java.base@22
j  jdk.internal.loader.URLClassPath$JarLoader.ensureOpen()V+19 java.base@22
j  jdk.internal.loader.URLClassPath$JarLoader.<init>(Ljava/net/URL;Ljava/net/URLStreamHandler;Ljava/security/AccessControlContext;)V+48 java.base@22
j  jdk.internal.loader.URLClassPath$3.run()Ljdk/internal/loader/URLClassPath$Loader;+154 java.base@22
j  jdk.internal.loader.URLClassPath$3.run()Ljava/lang/Object;+1 java.base@22
j  java.security.AccessController.executePrivileged(Ljava/security/PrivilegedExceptionAction;Ljava/security/AccessControlContext;Ljava/lang/Class;)Ljava/lang/Object;+29 java.base@22
j  java.security.AccessController.doPrivileged(Ljava/security/PrivilegedExceptionAction;Ljava/security/AccessControlContext;)Ljava/lang/Object;+13 java.base@22
j  jdk.internal.loader.URLClassPath.getLoader(Ljava/net/URL;)Ljdk/internal/loader/URLClassPath$Loader;+13 java.base@22
j  jdk.internal.loader.URLClassPath.getLoader(I)Ljdk/internal/loader/URLClassPath$Loader;+81 java.base@22
j  jdk.internal.loader.URLClassPath.getResource(Ljava/lang/String;Z)Ljdk/internal/loader/Resource;+42 java.base@22
j  jdk.internal.loader.BuiltinClassLoader.findClassOnClassPathOrNull(Ljava/lang/String;)Ljava/lang/Class;+26 java.base@22
j  jdk.internal.loader.BuiltinClassLoader.loadClassOrNull(Ljava/lang/String;Z)Ljava/lang/Class;+111 java.base@22
j  jdk.internal.loader.BuiltinClassLoader.loadClass(Ljava/lang/String;Z)Ljava/lang/Class;+3 java.base@22
j  jdk.internal.loader.ClassLoaders$AppClassLoader.loadClass(Ljava/lang/String;Z)Ljava/lang/Class;+36 java.base@22
j  java.lang.ClassLoader.loadClass(Ljava/lang/String;)Ljava/lang/Class;+3 java.base@22
v  ~StubRoutines::call_stub 0x000002d897d8100d
j  java.lang.Class.forName0(Ljava/lang/String;ZLjava/lang/ClassLoader;Ljava/lang/Class;)Ljava/lang/Class;+0 java.base@22
j  java.lang.Class.forName(Ljava/lang/String;Ljava/lang/Class;)Ljava/lang/Class;+19 java.base@22
j  java.lang.Class.forName(Ljava/lang/String;)Ljava/lang/Class;+6 java.base@22
j  org.techhub.repository.DBConfig.<init>()V+29
j  org.techhub.repository.DBConfig.getInstance()Lorg/techhub/repository/DBConfig;+10
j  org.techhub.repository.DBLogin.<init>()V+5
j  org.techhub.repository.RegistrationRepositoryImp.<init>()V+1
j  org.techhub.service.RegistrationServiceImp.<init>()V+9
j  org.techhub.clientapp.OsmsMain.main([Ljava/lang/String;)V+15
v  ~StubRoutines::call_stub 0x000002d897d8100d
invokestatic  184 invokestatic  [0x000002d897d9a0c0, 0x000002d897d9a388]  712 bytes
[MachCode]
  0x000002d897d9a0c0: 4883 ec08 | c5fa 1104 | 24eb 1f48 | 83ec 10c5 | fb11 0424 | eb14 4883 | ec10 4889 | 0424 48c7 
  0x000002d897d9a0e0: 4424 0800 | 0000 00eb | 0150 488b | 4dd0 410f | b755 0148 | 8b49 306b | d218 488d | 4c11 080f 
  0x000002d897d9a100: b659 1681 | fbb8 0000 | 000f 84bd | 0000 00bb | b800 0000 | e805 0000 | 00e9 9900 | 0000 488b 
  0x000002d897d9a120: d348 8d44 | 2408 4c89 | 6dc0 498b | cfc5 f877 | 4989 afb0 | 0300 0049 | 8987 a003 | 0000 4883 
  0x000002d897d9a140: ec20 40f6 | c40f 0f84 | 1900 0000 | 4883 ec08 | 48b8 80cd | 08bd fc7f | 0000 ffd0 | 4883 c408 
  0x000002d897d9a160: e90c 0000 | 0048 b880 | cd08 bdfc | 7f00 00ff | d048 83c4 | 2049 c787 | a003 0000 | 0000 0000 
  0x000002d897d9a180: 49c7 87b0 | 0300 0000 | 0000 0049 | c787 a803 | 0000 0000 | 0000 c5f8 | 7749 837f | 0800 0f84 
  0x000002d897d9a1a0: 0500 0000 | e957 6dfe | ff4c 8b6d | c04c 8b75 | c84e 8d74 | f500 c348 | 8b4d d041 | 0fb7 5501 
  0x000002d897d9a1c0: 488b 4930 | 6bd2 1848 | 8d4c 1108 | 488b 1948 | 8b5b 0848 | 8b5b 0848 | 8b5b 1880 | bb20 0100 
  0x000002d897d9a1e0: 0005 0f84 | 0d00 0000 | 4c3b bb30 | 0100 000f | 851a ffff | ff0f b651 | 1548 8b19 | 4c89 6dc0 
  0x000002d897d9a200: 448b ea0f | b651 1449 | ba00 c992 | bdfc 7f00 | 0049 8b14 | d252 418b | d54c 8b6d | c048 8b45 
  0x000002d897d9a220: d848 85c0 | 0f84 1200 | 0000 4883 | 4008 0148 | 8358 0800 | 4883 c010 | 4889 45d8 | 488b 45d8 
  0x000002d897d9a240: 4885 c00f | 8423 0100 | 0080 78f0 | 0a0f 8519 | 0100 0048 | 83c0 084c | 8b68 f841 | 83ed 0041 
  0x000002d897d9a260: 83fd 020f | 8cf8 0000 | 004c 8b6b | 0845 0fb7 | 6d2e 4c2b | 2841 83ed | 014e 8b6c | ec08 4d85 
  0x000002d897d9a280: ed75 0ef6 | 4008 0175 | 4bf0 4883 | 4808 01eb | 4345 8b6d | 084d 8bd5 | 4c33 6808 | 49f7 c5fc 
  0x000002d897d9a2a0: ffff ff74 | 2f41 f6c5 | 0275 2948 | 8378 0800 | 741e 4883 | 7808 0174 | 174d 8bea | 4c33 6808 
  0x000002d897d9a2c0: 49f7 c5fc | ffff ff74 | 0b48 8348 | 0802 eb04 | 4c89 6808 | 4883 c010 | 4c8b 68e8 | 4183 ed02 
  0x000002d897d9a2e0: 4183 fd02 | 0f8c 7700 | 0000 4c8b | 6b08 450f | b76d 2e4c | 2b28 4183 | ed01 4e8b | 6cec 084d 
  0x000002d897d9a300: 85ed 750e | f640 0801 | 754b f048 | 8348 0801 | eb43 458b | 6d08 4d8b | d54c 3368 | 0849 f7c5 
  0x000002d897d9a320: fcff ffff | 742f 41f6 | c502 7529 | 4883 7808 | 0074 1e48 | 8378 0801 | 7417 4d8b | ea4c 3368 
  0x000002d897d9a340: 0849 f7c5 | fcff ffff | 740b 4883 | 4808 02eb | 044c 8968 | 0848 83c0 | 104c 8b68 | d841 83ed 
  0x000002d897d9a360: 0441 c1e5 | 0349 03c5 | 4889 45d8 | 4c8d 6c24 | 0849 8bcd | 482b cd48 | c1f9 0348 | 894d f0ff 
  0x000002d897d9a380: 6350 660f | 1f44 0000 
[/MachCode]

Compiled method (c1) 847   40       3       java.util.HashMap::hash (20 bytes)
 total in heap  [0x000002d89085c290,0x000002d89085c6c0] = 1072
 relocation     [0x000002d89085c3e8,0x000002d89085c430] = 72
 main code      [0x000002d89085c440,0x000002d89085c5f0] = 432
 stub code      [0x000002d89085c5f0,0x000002d89085c638] = 72
 metadata       [0x000002d89085c638,0x000002d89085c640] = 8
 scopes data    [0x000002d89085c640,0x000002d89085c658] = 24
 scopes pcs     [0x000002d89085c658,0x000002d89085c6a8] = 80
 dependencies   [0x000002d89085c6a8,0x000002d89085c6b0] = 8
 nul chk table  [0x000002d89085c6b0,0x000002d89085c6c0] = 16

[Constant Pool (empty)]

[MachCode]
[Verified Entry Point]
  # {method} {0x000002d8a51bb1b0} 'hash' '(Ljava/lang/Object;)I' in 'java/util/HashMap'
  # parm0:    rdx:rdx   = 'java/lang/Object'
  #           [sp+0x40]  (sp of caller)
  0x000002d89085c440: 8984 2400 | 80ff ff55 | 4883 ec30 | 4181 7f20 | 0100 0000 

  0x000002d89085c454: ;   {runtime_call StubRoutines (final stubs)}
  0x000002d89085c454: 7405 e805 

  0x000002d89085c458: ;   {metadata(method data for {method} {0x000002d8a51bb1b0} 'hash' '(Ljava/lang/Object;)I' in 'java/util/HashMap')}
  0x000002d89085c458: b455 0748 | be08 ce37 | a5d8 0200 | 008b becc | 0000 0083 | c702 89be | cc00 0000 | 81e7 fe07 
  0x000002d89085c478: 0000 85ff | 0f84 0901 | 0000 4885 

  0x000002d89085c484: ;   {metadata(method data for {method} {0x000002d8a51bb1b0} 'hash' '(Ljava/lang/Object;)I' in 'java/util/HashMap')}
  0x000002d89085c484: d248 be08 | ce37 a5d8 | 0200 0048 | c7c7 1801 | 0000 7507 | 48c7 c728 | 0100 0048 | 8b1c 3e48 
  0x000002d89085c4a4: 8d5b 0148 | 891c 3e0f | 851a 0000 

  0x000002d89085c4b0: ;   {metadata(method data for {method} {0x000002d8a51bb1b0} 'hash' '(Ljava/lang/Object;)I' in 'java/util/HashMap')}
  0x000002d89085c4b0: 0048 ba08 | ce37 a5d8 | 0200 00ff | 8238 0100 | 00be 0000 | 0000 e9aa | 0000 0048 | 3b02 488b 
  0x000002d89085c4d0: ;   {metadata(method data for {method} {0x000002d8a51bb1b0} 'hash' '(Ljava/lang/Object;)I' in 'java/util/HashMap')}
  0x000002d89085c4d0: f248 bf08 | ce37 a5d8 | 0200 008b | 7608 483b | b758 0100 | 0075 0d48 | 8387 6001 | 0000 01e9 
  0x000002d89085c4f0: 6000 0000 | 483b b768 | 0100 0075 | 0d48 8387 | 7001 0000 | 01e9 4a00 | 0000 4883 | bf58 0100 
  0x000002d89085c510: 0000 7517 | 4889 b758 | 0100 0048 | c787 6001 | 0000 0100 | 0000 e929 | 0000 0048 | 83bf 6801 
  0x000002d89085c530: 0000 0075 | 1748 89b7 | 6801 0000 | 48c7 8770 | 0100 0001 | 0000 00e9 | 0800 0000 | 4883 8750 
  0x000002d89085c550: 0100 0001 | 9048 b848 | 1d04 2100 

  0x000002d89085c55c: ;   {virtual_call}
  0x000002d89085c55c: 0000 00e8 

  0x000002d89085c560: ; ImmutableOopMap {}
                      ;*invokevirtual hashCode {reexecute=0 rethrow=0 return_oop=0}
                      ; - java.util.HashMap::hash@9 (line 338)
  0x000002d89085c560: 3cf3 5607 

  0x000002d89085c564: ;   {other}
  0x000002d89085c564: 0f1f 8400 | d402 0000 | 488b f0c1 | ee10 4833 | f048 8bc6 | 4883 c430 

  0x000002d89085c57c: ;   {poll_return}
  0x000002d89085c57c: 5d49 3ba7 | 5804 0000 | 0f87 2700 

  0x000002d89085c588: ;   {metadata({method} {0x000002d8a51bb1b0} 'hash' '(Ljava/lang/Object;)I' in 'java/util/HashMap')}
  0x000002d89085c588: 0000 c349 | baa8 b11b | a5d8 0200 | 004c 8954 | 2408 48c7 | 0424 ffff 

  0x000002d89085c5a0: ;   {runtime_call counter_overflow Runtime1 stub}
  0x000002d89085c5a0: ffff e8d9 

  0x000002d89085c5a4: ; ImmutableOopMap {rdx=Oop }
                      ;*synchronization entry
                      ; - java.util.HashMap::hash@-1 (line 338)
  0x000002d89085c5a4: 8c64 07e9 | d6fe ffff 

  0x000002d89085c5ac: ;   {runtime_call throw_null_pointer_exception Runtime1 stub}
  0x000002d89085c5ac: e86f 2a64 

  0x000002d89085c5b0: ; ImmutableOopMap {rdx=Oop }
                      ;*invokevirtual hashCode {reexecute=0 rethrow=0 return_oop=0}
                      ; - java.util.HashMap::hash@9 (line 338)
                      ;   {internal_word}
  0x000002d89085c5b0: 0749 ba7d | c585 90d8 | 0200 004d | 8997 7004 

  0x000002d89085c5c0: ;   {runtime_call SafepointBlob}
  0x000002d89085c5c0: 0000 e9b9 | a557 0749 | 8b87 0805 | 0000 49c7 | 8708 0500 | 0000 0000 | 0049 c787 | 1005 0000 
  0x000002d89085c5e0: 0000 0000 | 4883 c430 

  0x000002d89085c5e8: ;   {runtime_call unwind_exception Runtime1 stub}
  0x000002d89085c5e8: 5de9 121b | 6407 f4f4 
[Stub Code]
  0x000002d89085c5f0: ;   {no_reloc}
  0x000002d89085c5f0: 0f1f 4400 

  0x000002d89085c5f4: ;   {static_stub}
  0x000002d89085c5f4: 0048 bb00 | 0000 0000 

  0x000002d89085c5fc: ;   {runtime_call}
  0x000002d89085c5fc: 0000 00e9 | fbff ffff 
[Exception Handler]
  0x000002d89085c604: ;   {runtime_call handle_exception_from_callee Runtime1 stub}
  0x000002d89085c604: e8f7 4f64 

  0x000002d89085c608: ;   {external_word}
  0x000002d89085c608: 0748 b9c0 | 2867 bdfc | 7f00 0048 

  0x000002d89085c614: ;   {runtime_call}
  0x000002d89085c614: 83e4 f048 | b890 952e | bdfc 7f00 | 00ff d0f4 
[Deopt Handler Code]
  0x000002d89085c624: ;   {section_word}
  0x000002d89085c624: 49ba 24c6 | 8590 d802 | 0000 4152 

  0x000002d89085c630: ;   {runtime_call DeoptimizationBlob}
  0x000002d89085c630: e9eb b957 | 07f4 f4f4 
[/MachCode]


---------------  P R O C E S S  ---------------

Threads class SMR info:
_java_thread_list=0x000002d8a9219350, length=11, elements={
0x000002d8863da990, 0x000002d8a908c3c0, 0x000002d8a908d1f0, 0x000002d8a907cc50,
0x000002d8a907d7a0, 0x000002d8a907e4a0, 0x000002d8a90800c0, 0x000002d8a90a6140,
0x000002d8a90b1830, 0x000002d8a9240700, 0x000002d8a92475a0
}

Java Threads: ( => current thread )
=>0x000002d8863da990 JavaThread "main"                              [_thread_in_vm, id=25228, stack(0x000000ff87400000,0x000000ff87500000) (1024K)]
  0x000002d8a908c3c0 JavaThread "Reference Handler"          daemon [_thread_blocked, id=49744, stack(0x000000ff87c00000,0x000000ff87d00000) (1024K)]
  0x000002d8a908d1f0 JavaThread "Finalizer"                  daemon [_thread_blocked, id=47748, stack(0x000000ff87d00000,0x000000ff87e00000) (1024K)]
  0x000002d8a907cc50 JavaThread "Signal Dispatcher"          daemon [_thread_blocked, id=33500, stack(0x000000ff87e00000,0x000000ff87f00000) (1024K)]
  0x000002d8a907d7a0 JavaThread "Attach Listener"            daemon [_thread_blocked, id=46488, stack(0x000000ff87f00000,0x000000ff88000000) (1024K)]
  0x000002d8a907e4a0 JavaThread "Service Thread"             daemon [_thread_blocked, id=10056, stack(0x000000ff88000000,0x000000ff88100000) (1024K)]
  0x000002d8a90800c0 JavaThread "Monitor Deflation Thread"   daemon [_thread_blocked, id=25624, stack(0x000000ff88100000,0x000000ff88200000) (1024K)]
  0x000002d8a90a6140 JavaThread "C2 CompilerThread0"         daemon [_thread_blocked, id=38396, stack(0x000000ff88200000,0x000000ff88300000) (1024K)]
  0x000002d8a90b1830 JavaThread "C1 CompilerThread0"         daemon [_thread_in_native, id=49960, stack(0x000000ff88300000,0x000000ff88400000) (1024K)]
  0x000002d8a9240700 JavaThread "Notification Thread"        daemon [_thread_blocked, id=48936, stack(0x000000ff88400000,0x000000ff88500000) (1024K)]
  0x000002d8a92475a0 JavaThread "Common-Cleaner"             daemon [_thread_blocked, id=35868, stack(0x000000ff88500000,0x000000ff88600000) (1024K)]
Total: 11

Other Threads:
  0x000002d8a90115e0 VMThread "VM Thread"                           [id=43744, stack(0x000000ff87b00000,0x000000ff87c00000) (1024K)]
  0x000002d8a4c38b50 WatcherThread "VM Periodic Task Thread"        [id=16744, stack(0x000000ff87a00000,0x000000ff87b00000) (1024K)]
  0x000002d88855cc20 WorkerThread "GC Thread#0"                     [id=11920, stack(0x000000ff87500000,0x000000ff87600000) (1024K)]
  0x000002d888589f80 ConcurrentGCThread "G1 Main Marker"            [id=43516, stack(0x000000ff87600000,0x000000ff87700000) (1024K)]
  0x000002d88858aa90 WorkerThread "G1 Conc#0"                       [id=32044, stack(0x000000ff87700000,0x000000ff87800000) (1024K)]
  0x000002d8885ce0b0 ConcurrentGCThread "G1 Refine#0"               [id=17112, stack(0x000000ff87800000,0x000000ff87900000) (1024K)]
  0x000002d8a4b065b0 ConcurrentGCThread "G1 Service"                [id=40460, stack(0x000000ff87900000,0x000000ff87a00000) (1024K)]
Total: 7

Threads with active compile tasks:
C1 CompilerThread0  851  210   !   3       java.util.zip.ZipFile$Source::checkAndAddEntry (354 bytes)
Total: 1

VM state: not at safepoint (normal execution)

VM Mutex/Monitor currently owned by a thread:  ([mutex/lock_event])
[0x00007ffcbd91b1c8] SymbolArena_lock - owner thread: 0x000002d8863da990

Heap address: 0x0000000084400000, size: 1980 MB, Compressed Oops mode: 32-bit

CDS archive(s) not mapped
Compressed class space mapped at: 0x0000000021000000-0x0000000061000000, reserved size: 1073741824
Narrow klass base: 0x0000000000000000, Narrow klass shift: 0, Narrow klass range: 0x61000000

GC Precious Log:
 CardTable entry size: 512
 Card Set container configuration: InlinePtr #cards 5 size 8 Array Of Cards #cards 12 size 40 Howl #buckets 4 coarsen threshold 1843 Howl Bitmap #cards 512 size 80 coarsen threshold 460 Card regions per heap region 1 cards per card region 2048
 CPUs: 8 total, 8 available
 Memory: 7914M
 Large Page Support: Disabled
 NUMA Support: Disabled
 Compressed Oops: Enabled (32-bit)
 Heap Region Size: 1M
 Heap Min Capacity: 8M
 Heap Initial Capacity: 124M
 Heap Max Capacity: 1980M
 Pre-touch: Disabled
 Parallel Workers: 8
 Concurrent Workers: 2
 Concurrent Refinement Workers: 8
 Periodic GC: Disabled

Heap:
 garbage-first heap   total reserved 2027520K, committed 126976K, used 2048K [0x0000000084400000, 0x0000000100000000)
  region size 1024K, 3 young (3072K), 0 survivors (0K)
 Metaspace       used 7413K, committed 7616K, reserved 1114112K
  class space    used 613K, committed 704K, reserved 1048576K

Heap Regions: E=young(eden), S=young(survivor), O=old, HS=humongous(starts), HC=humongous(continues), CS=collection set, F=free, TAMS=top-at-mark-start, PB=parsable bottom
|   0|0x0000000084400000, 0x0000000084400000, 0x0000000084500000|  0%| F|  |TAMS 0x0000000084400000| PB 0x0000000084400000| Untracked |  0
|   1|0x0000000084500000, 0x0000000084500000, 0x0000000084600000|  0%| F|  |TAMS 0x0000000084500000| PB 0x0000000084500000| Untracked |  0
|   2|0x0000000084600000, 0x0000000084600000, 0x0000000084700000|  0%| F|  |TAMS 0x0000000084600000| PB 0x0000000084600000| Untracked |  0
|   3|0x0000000084700000, 0x0000000084700000, 0x0000000084800000|  0%| F|  |TAMS 0x0000000084700000| PB 0x0000000084700000| Untracked |  0
|   4|0x0000000084800000, 0x0000000084800000, 0x0000000084900000|  0%| F|  |TAMS 0x0000000084800000| PB 0x0000000084800000| Untracked |  0
|   5|0x0000000084900000, 0x0000000084900000, 0x0000000084a00000|  0%| F|  |TAMS 0x0000000084900000| PB 0x0000000084900000| Untracked |  0
|   6|0x0000000084a00000, 0x0000000084a00000, 0x0000000084b00000|  0%| F|  |TAMS 0x0000000084a00000| PB 0x0000000084a00000| Untracked |  0
|   7|0x0000000084b00000, 0x0000000084b00000, 0x0000000084c00000|  0%| F|  |TAMS 0x0000000084b00000| PB 0x0000000084b00000| Untracked |  0
|   8|0x0000000084c00000, 0x0000000084c00000, 0x0000000084d00000|  0%| F|  |TAMS 0x0000000084c00000| PB 0x0000000084c00000| Untracked |  0
|   9|0x0000000084d00000, 0x0000000084d00000, 0x0000000084e00000|  0%| F|  |TAMS 0x0000000084d00000| PB 0x0000000084d00000| Untracked |  0
|  10|0x0000000084e00000, 0x0000000084e00000, 0x0000000084f00000|  0%| F|  |TAMS 0x0000000084e00000| PB 0x0000000084e00000| Untracked |  0
|  11|0x0000000084f00000, 0x0000000084f00000, 0x0000000085000000|  0%| F|  |TAMS 0x0000000084f00000| PB 0x0000000084f00000| Untracked |  0
|  12|0x0000000085000000, 0x0000000085000000, 0x0000000085100000|  0%| F|  |TAMS 0x0000000085000000| PB 0x0000000085000000| Untracked |  0
|  13|0x0000000085100000, 0x0000000085100000, 0x0000000085200000|  0%| F|  |TAMS 0x0000000085100000| PB 0x0000000085100000| Untracked |  0
|  14|0x0000000085200000, 0x0000000085200000, 0x0000000085300000|  0%| F|  |TAMS 0x0000000085200000| PB 0x0000000085200000| Untracked |  0
|  15|0x0000000085300000, 0x0000000085300000, 0x0000000085400000|  0%| F|  |TAMS 0x0000000085300000| PB 0x0000000085300000| Untracked |  0
|  16|0x0000000085400000, 0x0000000085400000, 0x0000000085500000|  0%| F|  |TAMS 0x0000000085400000| PB 0x0000000085400000| Untracked |  0
|  17|0x0000000085500000, 0x0000000085500000, 0x0000000085600000|  0%| F|  |TAMS 0x0000000085500000| PB 0x0000000085500000| Untracked |  0
|  18|0x0000000085600000, 0x0000000085600000, 0x0000000085700000|  0%| F|  |TAMS 0x0000000085600000| PB 0x0000000085600000| Untracked |  0
|  19|0x0000000085700000, 0x0000000085700000, 0x0000000085800000|  0%| F|  |TAMS 0x0000000085700000| PB 0x0000000085700000| Untracked |  0
|  20|0x0000000085800000, 0x0000000085800000, 0x0000000085900000|  0%| F|  |TAMS 0x0000000085800000| PB 0x0000000085800000| Untracked |  0
|  21|0x0000000085900000, 0x0000000085900000, 0x0000000085a00000|  0%| F|  |TAMS 0x0000000085900000| PB 0x0000000085900000| Untracked |  0
|  22|0x0000000085a00000, 0x0000000085a00000, 0x0000000085b00000|  0%| F|  |TAMS 0x0000000085a00000| PB 0x0000000085a00000| Untracked |  0
|  23|0x0000000085b00000, 0x0000000085b00000, 0x0000000085c00000|  0%| F|  |TAMS 0x0000000085b00000| PB 0x0000000085b00000| Untracked |  0
|  24|0x0000000085c00000, 0x0000000085c00000, 0x0000000085d00000|  0%| F|  |TAMS 0x0000000085c00000| PB 0x0000000085c00000| Untracked |  0
|  25|0x0000000085d00000, 0x0000000085d00000, 0x0000000085e00000|  0%| F|  |TAMS 0x0000000085d00000| PB 0x0000000085d00000| Untracked |  0
|  26|0x0000000085e00000, 0x0000000085e00000, 0x0000000085f00000|  0%| F|  |TAMS 0x0000000085e00000| PB 0x0000000085e00000| Untracked |  0
|  27|0x0000000085f00000, 0x0000000085f00000, 0x0000000086000000|  0%| F|  |TAMS 0x0000000085f00000| PB 0x0000000085f00000| Untracked |  0
|  28|0x0000000086000000, 0x0000000086000000, 0x0000000086100000|  0%| F|  |TAMS 0x0000000086000000| PB 0x0000000086000000| Untracked |  0
|  29|0x0000000086100000, 0x0000000086100000, 0x0000000086200000|  0%| F|  |TAMS 0x0000000086100000| PB 0x0000000086100000| Untracked |  0
|  30|0x0000000086200000, 0x0000000086200000, 0x0000000086300000|  0%| F|  |TAMS 0x0000000086200000| PB 0x0000000086200000| Untracked |  0
|  31|0x0000000086300000, 0x0000000086300000, 0x0000000086400000|  0%| F|  |TAMS 0x0000000086300000| PB 0x0000000086300000| Untracked |  0
|  32|0x0000000086400000, 0x0000000086400000, 0x0000000086500000|  0%| F|  |TAMS 0x0000000086400000| PB 0x0000000086400000| Untracked |  0
|  33|0x0000000086500000, 0x0000000086500000, 0x0000000086600000|  0%| F|  |TAMS 0x0000000086500000| PB 0x0000000086500000| Untracked |  0
|  34|0x0000000086600000, 0x0000000086600000, 0x0000000086700000|  0%| F|  |TAMS 0x0000000086600000| PB 0x0000000086600000| Untracked |  0
|  35|0x0000000086700000, 0x0000000086700000, 0x0000000086800000|  0%| F|  |TAMS 0x0000000086700000| PB 0x0000000086700000| Untracked |  0
|  36|0x0000000086800000, 0x0000000086800000, 0x0000000086900000|  0%| F|  |TAMS 0x0000000086800000| PB 0x0000000086800000| Untracked |  0
|  37|0x0000000086900000, 0x0000000086900000, 0x0000000086a00000|  0%| F|  |TAMS 0x0000000086900000| PB 0x0000000086900000| Untracked |  0
|  38|0x0000000086a00000, 0x0000000086a00000, 0x0000000086b00000|  0%| F|  |TAMS 0x0000000086a00000| PB 0x0000000086a00000| Untracked |  0
|  39|0x0000000086b00000, 0x0000000086b00000, 0x0000000086c00000|  0%| F|  |TAMS 0x0000000086b00000| PB 0x0000000086b00000| Untracked |  0
|  40|0x0000000086c00000, 0x0000000086c00000, 0x0000000086d00000|  0%| F|  |TAMS 0x0000000086c00000| PB 0x0000000086c00000| Untracked |  0
|  41|0x0000000086d00000, 0x0000000086d00000, 0x0000000086e00000|  0%| F|  |TAMS 0x0000000086d00000| PB 0x0000000086d00000| Untracked |  0
|  42|0x0000000086e00000, 0x0000000086e00000, 0x0000000086f00000|  0%| F|  |TAMS 0x0000000086e00000| PB 0x0000000086e00000| Untracked |  0
|  43|0x0000000086f00000, 0x0000000086f00000, 0x0000000087000000|  0%| F|  |TAMS 0x0000000086f00000| PB 0x0000000086f00000| Untracked |  0
|  44|0x0000000087000000, 0x0000000087000000, 0x0000000087100000|  0%| F|  |TAMS 0x0000000087000000| PB 0x0000000087000000| Untracked |  0
|  45|0x0000000087100000, 0x0000000087100000, 0x0000000087200000|  0%| F|  |TAMS 0x0000000087100000| PB 0x0000000087100000| Untracked |  0
|  46|0x0000000087200000, 0x0000000087200000, 0x0000000087300000|  0%| F|  |TAMS 0x0000000087200000| PB 0x0000000087200000| Untracked |  0
|  47|0x0000000087300000, 0x0000000087300000, 0x0000000087400000|  0%| F|  |TAMS 0x0000000087300000| PB 0x0000000087300000| Untracked |  0
|  48|0x0000000087400000, 0x0000000087400000, 0x0000000087500000|  0%| F|  |TAMS 0x0000000087400000| PB 0x0000000087400000| Untracked |  0
|  49|0x0000000087500000, 0x0000000087500000, 0x0000000087600000|  0%| F|  |TAMS 0x0000000087500000| PB 0x0000000087500000| Untracked |  0
|  50|0x0000000087600000, 0x0000000087600000, 0x0000000087700000|  0%| F|  |TAMS 0x0000000087600000| PB 0x0000000087600000| Untracked |  0
|  51|0x0000000087700000, 0x0000000087700000, 0x0000000087800000|  0%| F|  |TAMS 0x0000000087700000| PB 0x0000000087700000| Untracked |  0
|  52|0x0000000087800000, 0x0000000087800000, 0x0000000087900000|  0%| F|  |TAMS 0x0000000087800000| PB 0x0000000087800000| Untracked |  0
|  53|0x0000000087900000, 0x0000000087900000, 0x0000000087a00000|  0%| F|  |TAMS 0x0000000087900000| PB 0x0000000087900000| Untracked |  0
|  54|0x0000000087a00000, 0x0000000087a00000, 0x0000000087b00000|  0%| F|  |TAMS 0x0000000087a00000| PB 0x0000000087a00000| Untracked |  0
|  55|0x0000000087b00000, 0x0000000087b00000, 0x0000000087c00000|  0%| F|  |TAMS 0x0000000087b00000| PB 0x0000000087b00000| Untracked |  0
|  56|0x0000000087c00000, 0x0000000087c00000, 0x0000000087d00000|  0%| F|  |TAMS 0x0000000087c00000| PB 0x0000000087c00000| Untracked |  0
|  57|0x0000000087d00000, 0x0000000087d00000, 0x0000000087e00000|  0%| F|  |TAMS 0x0000000087d00000| PB 0x0000000087d00000| Untracked |  0
|  58|0x0000000087e00000, 0x0000000087e00000, 0x0000000087f00000|  0%| F|  |TAMS 0x0000000087e00000| PB 0x0000000087e00000| Untracked |  0
|  59|0x0000000087f00000, 0x0000000087f00000, 0x0000000088000000|  0%| F|  |TAMS 0x0000000087f00000| PB 0x0000000087f00000| Untracked |  0
|  60|0x0000000088000000, 0x0000000088000000, 0x0000000088100000|  0%| F|  |TAMS 0x0000000088000000| PB 0x0000000088000000| Untracked |  0
|  61|0x0000000088100000, 0x0000000088100000, 0x0000000088200000|  0%| F|  |TAMS 0x0000000088100000| PB 0x0000000088100000| Untracked |  0
|  62|0x0000000088200000, 0x0000000088200000, 0x0000000088300000|  0%| F|  |TAMS 0x0000000088200000| PB 0x0000000088200000| Untracked |  0
|  63|0x0000000088300000, 0x0000000088300000, 0x0000000088400000|  0%| F|  |TAMS 0x0000000088300000| PB 0x0000000088300000| Untracked |  0
|  64|0x0000000088400000, 0x0000000088400000, 0x0000000088500000|  0%| F|  |TAMS 0x0000000088400000| PB 0x0000000088400000| Untracked |  0
|  65|0x0000000088500000, 0x0000000088500000, 0x0000000088600000|  0%| F|  |TAMS 0x0000000088500000| PB 0x0000000088500000| Untracked |  0
|  66|0x0000000088600000, 0x0000000088600000, 0x0000000088700000|  0%| F|  |TAMS 0x0000000088600000| PB 0x0000000088600000| Untracked |  0
|  67|0x0000000088700000, 0x0000000088700000, 0x0000000088800000|  0%| F|  |TAMS 0x0000000088700000| PB 0x0000000088700000| Untracked |  0
|  68|0x0000000088800000, 0x0000000088800000, 0x0000000088900000|  0%| F|  |TAMS 0x0000000088800000| PB 0x0000000088800000| Untracked |  0
|  69|0x0000000088900000, 0x0000000088900000, 0x0000000088a00000|  0%| F|  |TAMS 0x0000000088900000| PB 0x0000000088900000| Untracked |  0
|  70|0x0000000088a00000, 0x0000000088a00000, 0x0000000088b00000|  0%| F|  |TAMS 0x0000000088a00000| PB 0x0000000088a00000| Untracked |  0
|  71|0x0000000088b00000, 0x0000000088b00000, 0x0000000088c00000|  0%| F|  |TAMS 0x0000000088b00000| PB 0x0000000088b00000| Untracked |  0
|  72|0x0000000088c00000, 0x0000000088c00000, 0x0000000088d00000|  0%| F|  |TAMS 0x0000000088c00000| PB 0x0000000088c00000| Untracked |  0
|  73|0x0000000088d00000, 0x0000000088d00000, 0x0000000088e00000|  0%| F|  |TAMS 0x0000000088d00000| PB 0x0000000088d00000| Untracked |  0
|  74|0x0000000088e00000, 0x0000000088e00000, 0x0000000088f00000|  0%| F|  |TAMS 0x0000000088e00000| PB 0x0000000088e00000| Untracked |  0
|  75|0x0000000088f00000, 0x0000000088f00000, 0x0000000089000000|  0%| F|  |TAMS 0x0000000088f00000| PB 0x0000000088f00000| Untracked |  0
|  76|0x0000000089000000, 0x0000000089000000, 0x0000000089100000|  0%| F|  |TAMS 0x0000000089000000| PB 0x0000000089000000| Untracked |  0
|  77|0x0000000089100000, 0x0000000089100000, 0x0000000089200000|  0%| F|  |TAMS 0x0000000089100000| PB 0x0000000089100000| Untracked |  0
|  78|0x0000000089200000, 0x0000000089200000, 0x0000000089300000|  0%| F|  |TAMS 0x0000000089200000| PB 0x0000000089200000| Untracked |  0
|  79|0x0000000089300000, 0x0000000089300000, 0x0000000089400000|  0%| F|  |TAMS 0x0000000089300000| PB 0x0000000089300000| Untracked |  0
|  80|0x0000000089400000, 0x0000000089400000, 0x0000000089500000|  0%| F|  |TAMS 0x0000000089400000| PB 0x0000000089400000| Untracked |  0
|  81|0x0000000089500000, 0x0000000089500000, 0x0000000089600000|  0%| F|  |TAMS 0x0000000089500000| PB 0x0000000089500000| Untracked |  0
|  82|0x0000000089600000, 0x0000000089600000, 0x0000000089700000|  0%| F|  |TAMS 0x0000000089600000| PB 0x0000000089600000| Untracked |  0
|  83|0x0000000089700000, 0x0000000089700000, 0x0000000089800000|  0%| F|  |TAMS 0x0000000089700000| PB 0x0000000089700000| Untracked |  0
|  84|0x0000000089800000, 0x0000000089800000, 0x0000000089900000|  0%| F|  |TAMS 0x0000000089800000| PB 0x0000000089800000| Untracked |  0
|  85|0x0000000089900000, 0x0000000089900000, 0x0000000089a00000|  0%| F|  |TAMS 0x0000000089900000| PB 0x0000000089900000| Untracked |  0
|  86|0x0000000089a00000, 0x0000000089a00000, 0x0000000089b00000|  0%| F|  |TAMS 0x0000000089a00000| PB 0x0000000089a00000| Untracked |  0
|  87|0x0000000089b00000, 0x0000000089b00000, 0x0000000089c00000|  0%| F|  |TAMS 0x0000000089b00000| PB 0x0000000089b00000| Untracked |  0
|  88|0x0000000089c00000, 0x0000000089c00000, 0x0000000089d00000|  0%| F|  |TAMS 0x0000000089c00000| PB 0x0000000089c00000| Untracked |  0
|  89|0x0000000089d00000, 0x0000000089d00000, 0x0000000089e00000|  0%| F|  |TAMS 0x0000000089d00000| PB 0x0000000089d00000| Untracked |  0
|  90|0x0000000089e00000, 0x0000000089e00000, 0x0000000089f00000|  0%| F|  |TAMS 0x0000000089e00000| PB 0x0000000089e00000| Untracked |  0
|  91|0x0000000089f00000, 0x0000000089f00000, 0x000000008a000000|  0%| F|  |TAMS 0x0000000089f00000| PB 0x0000000089f00000| Untracked |  0
|  92|0x000000008a000000, 0x000000008a000000, 0x000000008a100000|  0%| F|  |TAMS 0x000000008a000000| PB 0x000000008a000000| Untracked |  0
|  93|0x000000008a100000, 0x000000008a100000, 0x000000008a200000|  0%| F|  |TAMS 0x000000008a100000| PB 0x000000008a100000| Untracked |  0
|  94|0x000000008a200000, 0x000000008a200000, 0x000000008a300000|  0%| F|  |TAMS 0x000000008a200000| PB 0x000000008a200000| Untracked |  0
|  95|0x000000008a300000, 0x000000008a300000, 0x000000008a400000|  0%| F|  |TAMS 0x000000008a300000| PB 0x000000008a300000| Untracked |  0
|  96|0x000000008a400000, 0x000000008a400000, 0x000000008a500000|  0%| F|  |TAMS 0x000000008a400000| PB 0x000000008a400000| Untracked |  0
|  97|0x000000008a500000, 0x000000008a500000, 0x000000008a600000|  0%| F|  |TAMS 0x000000008a500000| PB 0x000000008a500000| Untracked |  0
|  98|0x000000008a600000, 0x000000008a600000, 0x000000008a700000|  0%| F|  |TAMS 0x000000008a600000| PB 0x000000008a600000| Untracked |  0
|  99|0x000000008a700000, 0x000000008a700000, 0x000000008a800000|  0%| F|  |TAMS 0x000000008a700000| PB 0x000000008a700000| Untracked |  0
| 100|0x000000008a800000, 0x000000008a800000, 0x000000008a900000|  0%| F|  |TAMS 0x000000008a800000| PB 0x000000008a800000| Untracked |  0
| 101|0x000000008a900000, 0x000000008a900000, 0x000000008aa00000|  0%| F|  |TAMS 0x000000008a900000| PB 0x000000008a900000| Untracked |  0
| 102|0x000000008aa00000, 0x000000008aa00000, 0x000000008ab00000|  0%| F|  |TAMS 0x000000008aa00000| PB 0x000000008aa00000| Untracked |  0
| 103|0x000000008ab00000, 0x000000008ab00000, 0x000000008ac00000|  0%| F|  |TAMS 0x000000008ab00000| PB 0x000000008ab00000| Untracked |  0
| 104|0x000000008ac00000, 0x000000008ac00000, 0x000000008ad00000|  0%| F|  |TAMS 0x000000008ac00000| PB 0x000000008ac00000| Untracked |  0
| 105|0x000000008ad00000, 0x000000008ad00000, 0x000000008ae00000|  0%| F|  |TAMS 0x000000008ad00000| PB 0x000000008ad00000| Untracked |  0
| 106|0x000000008ae00000, 0x000000008ae00000, 0x000000008af00000|  0%| F|  |TAMS 0x000000008ae00000| PB 0x000000008ae00000| Untracked |  0
| 107|0x000000008af00000, 0x000000008af00000, 0x000000008b000000|  0%| F|  |TAMS 0x000000008af00000| PB 0x000000008af00000| Untracked |  0
| 108|0x000000008b000000, 0x000000008b000000, 0x000000008b100000|  0%| F|  |TAMS 0x000000008b000000| PB 0x000000008b000000| Untracked |  0
| 109|0x000000008b100000, 0x000000008b100000, 0x000000008b200000|  0%| F|  |TAMS 0x000000008b100000| PB 0x000000008b100000| Untracked |  0
| 110|0x000000008b200000, 0x000000008b200000, 0x000000008b300000|  0%| F|  |TAMS 0x000000008b200000| PB 0x000000008b200000| Untracked |  0
| 111|0x000000008b300000, 0x000000008b300000, 0x000000008b400000|  0%| F|  |TAMS 0x000000008b300000| PB 0x000000008b300000| Untracked |  0
| 112|0x000000008b400000, 0x000000008b400000, 0x000000008b500000|  0%| F|  |TAMS 0x000000008b400000| PB 0x000000008b400000| Untracked |  0
| 113|0x000000008b500000, 0x000000008b500000, 0x000000008b600000|  0%| F|  |TAMS 0x000000008b500000| PB 0x000000008b500000| Untracked |  0
| 114|0x000000008b600000, 0x000000008b600000, 0x000000008b700000|  0%| F|  |TAMS 0x000000008b600000| PB 0x000000008b600000| Untracked |  0
| 115|0x000000008b700000, 0x000000008b700000, 0x000000008b800000|  0%| F|  |TAMS 0x000000008b700000| PB 0x000000008b700000| Untracked |  0
| 116|0x000000008b800000, 0x000000008b800000, 0x000000008b900000|  0%| F|  |TAMS 0x000000008b800000| PB 0x000000008b800000| Untracked |  0
| 117|0x000000008b900000, 0x000000008b900000, 0x000000008ba00000|  0%| F|  |TAMS 0x000000008b900000| PB 0x000000008b900000| Untracked |  0
| 118|0x000000008ba00000, 0x000000008ba00000, 0x000000008bb00000|  0%| F|  |TAMS 0x000000008ba00000| PB 0x000000008ba00000| Untracked |  0
| 119|0x000000008bb00000, 0x000000008bb00000, 0x000000008bc00000|  0%| F|  |TAMS 0x000000008bb00000| PB 0x000000008bb00000| Untracked |  0
| 120|0x000000008bc00000, 0x000000008bc00000, 0x000000008bd00000|  0%| F|  |TAMS 0x000000008bc00000| PB 0x000000008bc00000| Untracked |  0
| 121|0x000000008bd00000, 0x000000008bd94fe8, 0x000000008be00000| 58%| E|  |TAMS 0x000000008bd00000| PB 0x000000008bd00000| Complete |  0
| 122|0x000000008be00000, 0x000000008bf00000, 0x000000008bf00000|100%| E|CS|TAMS 0x000000008be00000| PB 0x000000008be00000| Complete |  0
| 123|0x000000008bf00000, 0x000000008c000000, 0x000000008c000000|100%| E|CS|TAMS 0x000000008bf00000| PB 0x000000008bf00000| Complete |  0

Card table byte_map: [0x000002d89ff60000,0x000002d8a0340000] _byte_map_base: 0x000002d89fb3e000

Marking Bits: (CMBitMap*) 0x000002d88855d330
 Bits: [0x000002d8a0340000, 0x000002d8a2230000)

Polling page: 0x000002d8864f0000

Metaspace:

Usage:
  Non-class:      6.64 MB used.
      Class:    613.14 KB used.
       Both:      7.24 MB used.

Virtual space:
  Non-class space:       64.00 MB reserved,       6.75 MB ( 11%) committed,  1 nodes.
      Class space:        1.00 GB reserved,     704.00 KB ( <1%) committed,  1 nodes.
             Both:        1.06 GB reserved,       7.44 MB ( <1%) committed. 

Chunk freelists:
   Non-Class:  8.97 MB
       Class:  15.24 MB
        Both:  24.21 MB

MaxMetaspaceSize: unlimited
CompressedClassSpaceSize: 1.00 GB
Initial GC threshold: 21.00 MB
Current GC threshold: 21.00 MB
CDS: off
 - commit_granule_bytes: 65536.
 - commit_granule_words: 8192.
 - virtual_space_node_default_size: 8388608.
 - enlarge_chunks_in_place: 1.
 - use_allocation_guard: 0.


Internal statistics:

num_allocs_failed_limit: 0.
num_arena_births: 10.
num_arena_deaths: 0.
num_vsnodes_births: 2.
num_vsnodes_deaths: 0.
num_space_committed: 119.
num_space_uncommitted: 0.
num_chunks_returned_to_freelist: 0.
num_chunks_taken_from_freelist: 36.
num_chunk_merges: 0.
num_chunk_splits: 13.
num_chunks_enlarged: 6.
num_inconsistent_stats: 0.

CodeHeap 'non-profiled nmethods': size=120000Kb used=56Kb max_used=56Kb free=119943Kb
 bounds [0x000002d898320000, 0x000002d898590000, 0x000002d89f850000]
CodeHeap 'profiled nmethods': size=120000Kb used=235Kb max_used=235Kb free=119764Kb
 bounds [0x000002d890850000, 0x000002d890ac0000, 0x000002d897d80000]
CodeHeap 'non-nmethods': size=5760Kb used=1395Kb max_used=1408Kb free=4364Kb
 bounds [0x000002d897d80000, 0x000002d897ff0000, 0x000002d898320000]
 total_blobs=614 nmethods=209 adapters=310
 compilation: enabled
              stopped_count=0, restarted_count=0
 full_count=0

Compilation events (20 events):
Event: 0.261 Thread 0x000002d8a90b1830  200       3       java.util.Optional::<init> (10 bytes)
Event: 0.261 Thread 0x000002d8a90b1830 nmethod 200 0x000002d890888a10 code [0x000002d890888ba0, 0x000002d890888d58]
Event: 0.261 Thread 0x000002d8a90b1830  201       3       java.io.WinNTFileSystem::isSlash (18 bytes)
Event: 0.261 Thread 0x000002d8a90b1830 nmethod 201 0x000002d890888e10 code [0x000002d890888fa0, 0x000002d890889130]
Event: 0.263 Thread 0x000002d8a90b1830  202       3       java.lang.StringBuilder::length (5 bytes)
Event: 0.263 Thread 0x000002d8a90b1830 nmethod 202 0x000002d890889190 code [0x000002d890889320, 0x000002d890889440]
Event: 0.271 Thread 0x000002d8a90b1830  203       3       java.util.zip.ZipUtils::SH (21 bytes)
Event: 0.271 Thread 0x000002d8a90b1830 nmethod 203 0x000002d890889510 code [0x000002d8908896a0, 0x000002d8908897e8]
Event: 0.271 Thread 0x000002d8a90b1830  204       3       java.util.zip.ZipUtils::LG (22 bytes)
Event: 0.271 Thread 0x000002d8a90b1830 nmethod 204 0x000002d890889910 code [0x000002d890889ac0, 0x000002d890889d30]
Event: 0.271 Thread 0x000002d8a90b1830  206       3       java.lang.StringCoding::countPositives (33 bytes)
Event: 0.271 Thread 0x000002d8a90a6140  207       4       java.util.zip.ZipUtils::SH (21 bytes)
Event: 0.271 Thread 0x000002d8a90b1830 nmethod 206 0x000002d890889e90 code [0x000002d89088a040, 0x000002d89088a260]
Event: 0.271 Thread 0x000002d8a90b1830  208       3       java.util.zip.ZipUtils::CENCOM (9 bytes)
Event: 0.271 Thread 0x000002d8a90b1830 nmethod 208 0x000002d89088a390 code [0x000002d89088a540, 0x000002d89088a6e8]
Event: 0.271 Thread 0x000002d8a90b1830  209       3       java.util.zip.ZipUtils::CENEXT (9 bytes)
Event: 0.271 Thread 0x000002d8a90b1830 nmethod 209 0x000002d89088a810 code [0x000002d89088a9c0, 0x000002d89088ab68]
Event: 0.271 Thread 0x000002d8a90b1830  210   !   3       java.util.zip.ZipFile$Source::checkAndAddEntry (354 bytes)
Event: 0.272 Thread 0x000002d8a90a6140 nmethod 207 0x000002d89832db90 code [0x000002d89832dd20, 0x000002d89832de00]
Event: 0.272 Thread 0x000002d8a90a6140  224       4       java.lang.StringCoding::countPositives (33 bytes)

GC Heap History (0 events):
No events

Dll operation events (5 events):
Event: 0.011 Loaded shared library C:\Program Files\Java\jdk-22\bin\java.dll
Event: 0.116 Loaded shared library C:\Program Files\Java\jdk-22\bin\jsvml.dll
Event: 0.217 Loaded shared library C:\Program Files\Java\jdk-22\bin\jimage.dll
Event: 0.267 Loaded shared library C:\Program Files\Java\jdk-22\bin\net.dll
Event: 0.269 Loaded shared library C:\Program Files\Java\jdk-22\bin\nio.dll

Deoptimization events (0 events):
No events

Classes loaded (20 events):
Event: 0.269 Loading class sun/nio/fs/WindowsNativeDispatcher$Account done
Event: 0.269 Loading class sun/nio/fs/WindowsNativeDispatcher$AclInformation
Event: 0.269 Loading class sun/nio/fs/WindowsNativeDispatcher$AclInformation done
Event: 0.269 Loading class sun/nio/fs/WindowsNativeDispatcher$CompletionStatus
Event: 0.269 Loading class sun/nio/fs/WindowsNativeDispatcher$CompletionStatus done
Event: 0.269 Loading class java/io/RandomAccessFile
Event: 0.269 Loading class java/io/DataOutput
Event: 0.270 Loading class java/io/DataOutput done
Event: 0.270 Loading class java/io/DataInput
Event: 0.270 Loading class java/io/DataInput done
Event: 0.270 Loading class java/io/RandomAccessFile done
Event: 0.270 Loading class java/io/RandomAccessFile$2
Event: 0.270 Loading class jdk/internal/access/JavaIORandomAccessFileAccess
Event: 0.270 Loading class jdk/internal/access/JavaIORandomAccessFileAccess done
Event: 0.270 Loading class java/io/RandomAccessFile$2 done
Event: 0.270 Loading class java/util/zip/ZipFile$Source$End
Event: 0.270 Loading class java/util/zip/ZipFile$Source$End done
Event: 0.270 Loading class java/util/zip/ZipUtils
Event: 0.271 Loading class java/util/zip/ZipUtils done
Event: 0.272 Loading class java/nio/file/attribute/FileTime

Classes unloaded (0 events):
No events

Classes redefined (0 events):
No events

Internal exceptions (0 events):
No events

ZGC Phase Switch (0 events):
No events

VM Operations (0 events):
No events

Events (11 events):
Event: 0.024 Thread 0x000002d8863da990 Thread added: 0x000002d8863da990
Event: 0.111 Thread 0x000002d8a908c3c0 Thread added: 0x000002d8a908c3c0
Event: 0.111 Thread 0x000002d8a908d1f0 Thread added: 0x000002d8a908d1f0
Event: 0.113 Thread 0x000002d8a907cc50 Thread added: 0x000002d8a907cc50
Event: 0.113 Thread 0x000002d8a907d7a0 Thread added: 0x000002d8a907d7a0
Event: 0.114 Thread 0x000002d8a907e4a0 Thread added: 0x000002d8a907e4a0
Event: 0.114 Thread 0x000002d8a90800c0 Thread added: 0x000002d8a90800c0
Event: 0.114 Thread 0x000002d8a90a6140 Thread added: 0x000002d8a90a6140
Event: 0.114 Thread 0x000002d8a90b1830 Thread added: 0x000002d8a90b1830
Event: 0.157 Thread 0x000002d8a9240700 Thread added: 0x000002d8a9240700
Event: 0.163 Thread 0x000002d8a92475a0 Thread added: 0x000002d8a92475a0


Dynamic libraries:
0x00007ff6898e0000 - 0x00007ff6898f0000 	C:\Program Files\Java\jdk-22\bin\javaw.exe
0x00007ffd22d70000 - 0x00007ffd22f87000 	C:\WINDOWS\SYSTEM32\ntdll.dll
0x00007ffd21e20000 - 0x00007ffd21ee4000 	C:\WINDOWS\System32\KERNEL32.DLL
0x00007ffd20270000 - 0x00007ffd20627000 	C:\WINDOWS\System32\KERNELBASE.dll
0x00007ffd20720000 - 0x00007ffd20831000 	C:\WINDOWS\System32\ucrtbase.dll
0x00007ffd0b350000 - 0x00007ffd0b367000 	C:\Program Files\Java\jdk-22\bin\jli.dll
0x00007ffd09a10000 - 0x00007ffd09a2b000 	C:\Program Files\Java\jdk-22\bin\VCRUNTIME140.dll
0x00007ffd22330000 - 0x00007ffd223e2000 	C:\WINDOWS\System32\ADVAPI32.dll
0x00007ffd22200000 - 0x00007ffd222a7000 	C:\WINDOWS\System32\msvcrt.dll
0x00007ffd20d40000 - 0x00007ffd20de8000 	C:\WINDOWS\System32\sechost.dll
0x00007ffd206f0000 - 0x00007ffd20718000 	C:\WINDOWS\System32\bcrypt.dll
0x00007ffd20df0000 - 0x00007ffd20f04000 	C:\WINDOWS\System32\RPCRT4.dll
0x00007ffd223f0000 - 0x00007ffd2259f000 	C:\WINDOWS\System32\USER32.dll
0x00007ffd208e0000 - 0x00007ffd20906000 	C:\WINDOWS\System32\win32u.dll
0x00007ffd21df0000 - 0x00007ffd21e19000 	C:\WINDOWS\System32\GDI32.dll
0x00007ffd048e0000 - 0x00007ffd04b73000 	C:\WINDOWS\WinSxS\amd64_microsoft.windows.common-controls_6595b64144ccf1df_6.0.22621.3672_none_2713b9d173822955\COMCTL32.dll
0x00007ffd20910000 - 0x00007ffd20a28000 	C:\WINDOWS\System32\gdi32full.dll
0x00007ffd20840000 - 0x00007ffd208da000 	C:\WINDOWS\System32\msvcp_win.dll
0x00007ffd180a0000 - 0x00007ffd180aa000 	C:\WINDOWS\SYSTEM32\VERSION.dll
0x00007ffd212d0000 - 0x00007ffd21301000 	C:\WINDOWS\System32\IMM32.DLL
0x00007ffd1a520000 - 0x00007ffd1a52c000 	C:\Program Files\Java\jdk-22\bin\vcruntime140_1.dll
0x00007ffcf4940000 - 0x00007ffcf49ce000 	C:\Program Files\Java\jdk-22\bin\msvcp140.dll
0x00007ffcbccb0000 - 0x00007ffcbd9f8000 	C:\Program Files\Java\jdk-22\bin\server\jvm.dll
0x00007ffd222b0000 - 0x00007ffd22321000 	C:\WINDOWS\System32\WS2_32.dll
0x00007ffd1ff50000 - 0x00007ffd1ff9d000 	C:\WINDOWS\SYSTEM32\POWRPROF.dll
0x00007ffd18670000 - 0x00007ffd186a4000 	C:\WINDOWS\SYSTEM32\WINMM.dll
0x00007ffd1ff30000 - 0x00007ffd1ff43000 	C:\WINDOWS\SYSTEM32\UMPDC.dll
0x00007ffd1f0d0000 - 0x00007ffd1f0e8000 	C:\WINDOWS\SYSTEM32\kernel.appcore.dll
0x00007ffd18c10000 - 0x00007ffd18c1a000 	C:\Program Files\Java\jdk-22\bin\jimage.dll
0x00007ffd1d8f0000 - 0x00007ffd1db22000 	C:\WINDOWS\SYSTEM32\DBGHELP.DLL
0x00007ffd20f40000 - 0x00007ffd212ce000 	C:\WINDOWS\System32\combase.dll
0x00007ffd20bd0000 - 0x00007ffd20ca7000 	C:\WINDOWS\System32\OLEAUT32.dll
0x00007ffd0e820000 - 0x00007ffd0e852000 	C:\WINDOWS\SYSTEM32\dbgcore.DLL
0x00007ffd201f0000 - 0x00007ffd2026b000 	C:\WINDOWS\System32\bcryptPrimitives.dll
0x00007ffd099f0000 - 0x00007ffd09a0e000 	C:\Program Files\Java\jdk-22\bin\java.dll
0x00007ffd21360000 - 0x00007ffd21bc9000 	C:\WINDOWS\System32\SHELL32.dll
0x00007ffd225a0000 - 0x00007ffd22745000 	C:\WINDOWS\System32\ole32.dll
0x00007ffd1dff0000 - 0x00007ffd1e8ef000 	C:\WINDOWS\SYSTEM32\windows.storage.dll
0x00007ffd1deb0000 - 0x00007ffd1dfef000 	C:\WINDOWS\SYSTEM32\wintypes.dll
0x00007ffd22c30000 - 0x00007ffd22d29000 	C:\WINDOWS\System32\SHCORE.dll
0x00007ffd22750000 - 0x00007ffd227ae000 	C:\WINDOWS\System32\shlwapi.dll
0x00007ffd1ffb0000 - 0x00007ffd1ffd7000 	C:\WINDOWS\SYSTEM32\profapi.dll
0x00007ffcedd40000 - 0x00007ffcede17000 	C:\Program Files\Java\jdk-22\bin\jsvml.dll
0x00007ffd0e030000 - 0x00007ffd0e040000 	C:\Program Files\Java\jdk-22\bin\net.dll
0x00007ffd1f540000 - 0x00007ffd1f5a9000 	C:\WINDOWS\system32\mswsock.dll
0x00007ffd091c0000 - 0x00007ffd091d6000 	C:\Program Files\Java\jdk-22\bin\nio.dll

dbghelp: loaded successfully - version: 4.0.5 - missing functions: none
symbol engine: initialized successfully - sym options: 0x614 - pdb path: .;C:\Program Files\Java\jdk-22\bin;C:\WINDOWS\SYSTEM32;C:\WINDOWS\WinSxS\amd64_microsoft.windows.common-controls_6595b64144ccf1df_6.0.22621.3672_none_2713b9d173822955;C:\Program Files\Java\jdk-22\bin\server

VM Arguments:
jvm_args: -Dfile.encoding=UTF-8 -Dstdout.encoding=UTF-8 -Dstderr.encoding=UTF-8 -XX:+ShowCodeDetailsInExceptionMessages 
java_command: org.techhub.clientapp.OsmsMain
java_class_path (initial): C:\Users\Shlok\tech-hubworkspace\OSMA\target\classes;C:\Users\Shlok\.m2\repository\com\mysql\mysql-connector-j\8.0.33\mysql-connector-j-8.0.33.jar;C:\Users\Shlok\.m2\repository\com\google\protobuf\protobuf-java\3.21.9\protobuf-java-3.21.9.jar;C:\Users\Shlok\.m2\repository\org\projectlombok\lombok\1.18.34\lombok-1.18.34.jar
Launcher Type: SUN_STANDARD

[Global flags]
     intx CICompilerCount                          = 4                                         {product} {ergonomic}
     uint ConcGCThreads                            = 2                                         {product} {ergonomic}
     uint G1ConcRefinementThreads                  = 8                                         {product} {ergonomic}
   size_t G1HeapRegionSize                         = 1048576                                   {product} {ergonomic}
   size_t InitialHeapSize                          = 130023424                                 {product} {ergonomic}
   size_t MarkStackSize                            = 4194304                                   {product} {ergonomic}
   size_t MaxHeapSize                              = 2076180480                                {product} {ergonomic}
   size_t MaxNewSize                               = 1245708288                                {product} {ergonomic}
   size_t MinHeapDeltaBytes                        = 1048576                                   {product} {ergonomic}
   size_t MinHeapSize                              = 8388608                                   {product} {ergonomic}
    uintx NonNMethodCodeHeapSize                   = 5839372                                {pd product} {ergonomic}
    uintx NonProfiledCodeHeapSize                  = 122909434                              {pd product} {ergonomic}
    uintx ProfiledCodeHeapSize                     = 122909434                              {pd product} {ergonomic}
    uintx ReservedCodeCacheSize                    = 251658240                              {pd product} {ergonomic}
     bool SegmentedCodeCache                       = true                                      {product} {ergonomic}
     bool ShowCodeDetailsInExceptionMessages       = true                                   {manageable} {command line}
   size_t SoftMaxHeapSize                          = 2076180480                             {manageable} {ergonomic}
     bool UseCompressedOops                        = true                           {product lp64_product} {ergonomic}
     bool UseG1GC                                  = true                                      {product} {ergonomic}
     bool UseLargePagesIndividualAllocation        = false                                  {pd product} {ergonomic}

Logging:
Log output configuration:
 #0: stdout all=warning uptime,level,tags foldmultilines=false
 #1: stderr all=off uptime,level,tags foldmultilines=false

Environment Variables:
PATH=C:\Program Files\Common Files\Oracle\Java\javapath;C:\WINDOWS\system32;C:\WINDOWS;C:\WINDOWS\System32\Wbem;C:\WINDOWS\System32\WindowsPowerShell\v1.0\;C:\WINDOWS\System32\OpenSSH\;C:\Program Files\dotnet\;C:\Program Files\Java\jdk-22\bin;E:\;Documents;D:\Git\cmd;C:\Program Files\MySQL\MySQL Shell 8.0\bin\;C:\Users\Shlok\AppData\Local\Microsoft\WindowsApps;C:\Users\Shlok\AppData\Local\Programs\Microsoft VS Code\bin;E:\java pgm;C:\Users\Shlok\OneDrive\Desktop\java;C:\Users\Shlok\AppData\Local\GitHubDesktop\bin;
USERNAME=Shlok
OS=Windows_NT
PROCESSOR_IDENTIFIER=Intel64 Family 6 Model 140 Stepping 1, GenuineIntel
TMP=C:\Users\Shlok\AppData\Local\Temp
TEMP=C:\Users\Shlok\AppData\Local\Temp




Periodic native trim disabled

---------------  S Y S T E M  ---------------

OS:
 Windows 11 , 64 bit Build 22621 (10.0.22621.3958)
OS uptime: 67 days 17:30 hours

CPU: total 8 (initial active 8) (4 cores per cpu, 2 threads per core) family 6 model 140 stepping 1 microcode 0xb4, cx8, cmov, fxsr, ht, mmx, 3dnowpref, sse, sse2, sse3, ssse3, sse4.1, sse4.2, popcnt, lzcnt, tsc, tscinvbit, avx, avx2, aes, erms, clmul, bmi1, bmi2, adx, avx512f, avx512dq, avx512cd, avx512bw, avx512vl, sha, fma, vzeroupper, avx512_vpopcntdq, avx512_vpclmulqdq, avx512_vaes, avx512_vnni, clflush, clflushopt, clwb, avx512_vbmi2, avx512_vbmi, rdtscp, rdpid, fsrm, gfni, avx512_bitalg, f16c, pku, cet_ibt, cet_ss, avx512_ifma
Processor Information for all 8 processors :
  Max Mhz: 2419, Current Mhz: 2419, Mhz Limit: 2419

Memory: 4k page, system-wide physical 7914M (550M free)
TotalPageFile size 32490M (AvailPageFile size 0M)
current process WorkingSet (physical memory assigned to process): 35M, peak: 35M
current process commit charge ("private bytes"): 202M, peak: 202M

vm_info: Java HotSpot(TM) 64-Bit Server VM (22+36-2370) for windows-amd64 JRE (22+36-2370), built on 2024-02-15T22:15:19Z by "mach5one" with MS VC++ 17.6 (VS2022)

END.
